<?xml version="1.0" encoding="UTF-8"?>
<!-- Generated by org.testng.reporters.JUnitXMLReporter -->
<testsuite ignored="0" hostname="Hafisa" failures="0" tests="2" name="chromeTest" time="0.03" errors="0" timestamp="2024-02-29T16:38:13 AST">
  <testcase classname="testcases.signin_testcase" name="testInvalidLogin" time="0.0">
    <skipped/>
  </testcase> <!-- testInvalidLogin -->
  <testcase classname="testcases.signin_testcase" name="testValidLogin" time="0.0">
    <skipped/>
  </testcase> <!-- testValidLogin -->
</testsuite> <!-- chromeTest -->
